### Device: cuda:0 ###
Number of parameters: 308357
Training ...
Epoch [1 / 1000] average reconstruction error: 23900.516416
Epoch [2 / 1000] average reconstruction error: 21164.368291
Epoch [3 / 1000] average reconstruction error: 20526.527716
Epoch [4 / 1000] average reconstruction error: 20209.638732
Epoch [5 / 1000] average reconstruction error: 20006.962266
Epoch [6 / 1000] average reconstruction error: 19852.966195
Epoch [7 / 1000] average reconstruction error: 19746.325512
Epoch [8 / 1000] average reconstruction error: 19647.147126
Epoch [9 / 1000] average reconstruction error: 19554.939362
Epoch [10 / 1000] average reconstruction error: 19493.232649
Epoch [11 / 1000] average reconstruction error: 19434.259649
Epoch [12 / 1000] average reconstruction error: 19393.662147
Epoch [13 / 1000] average reconstruction error: 19351.842390
Epoch [14 / 1000] average reconstruction error: 19299.293827
Epoch [15 / 1000] average reconstruction error: 19256.923387
Epoch [16 / 1000] average reconstruction error: 19220.067953
Epoch [17 / 1000] average reconstruction error: 19197.071966
Epoch [18 / 1000] average reconstruction error: 19153.292379
Epoch [19 / 1000] average reconstruction error: 19134.597712
Epoch [20 / 1000] average reconstruction error: 19108.412480
Epoch [21 / 1000] average reconstruction error: 19075.607326
Epoch [22 / 1000] average reconstruction error: 19054.037376
Epoch [23 / 1000] average reconstruction error: 19033.175094
Epoch [24 / 1000] average reconstruction error: 19002.730194
Epoch [25 / 1000] average reconstruction error: 18984.795559
Epoch [26 / 1000] average reconstruction error: 18957.116821
Epoch [27 / 1000] average reconstruction error: 18933.603836
Epoch [28 / 1000] average reconstruction error: 18924.481375
Epoch [29 / 1000] average reconstruction error: 18904.960115
Epoch [30 / 1000] average reconstruction error: 18887.881347
Epoch [31 / 1000] average reconstruction error: 18873.133298
Epoch [32 / 1000] average reconstruction error: 18859.315986
Epoch [33 / 1000] average reconstruction error: 18831.074704
Epoch [34 / 1000] average reconstruction error: 18816.616477
Epoch [35 / 1000] average reconstruction error: 18811.876299
Epoch [36 / 1000] average reconstruction error: 18802.346840
Epoch [37 / 1000] average reconstruction error: 18769.233124
Epoch [38 / 1000] average reconstruction error: 18767.936798
Epoch [39 / 1000] average reconstruction error: 18751.209821
Epoch [40 / 1000] average reconstruction error: 18743.254785
Epoch [41 / 1000] average reconstruction error: 18732.139696
Epoch [42 / 1000] average reconstruction error: 18717.982568
Epoch [43 / 1000] average reconstruction error: 18707.624963
Epoch [44 / 1000] average reconstruction error: 18694.166095
Epoch [45 / 1000] average reconstruction error: 18678.362831
Epoch [46 / 1000] average reconstruction error: 18673.413242
Epoch [47 / 1000] average reconstruction error: 18665.882779
Epoch [48 / 1000] average reconstruction error: 18653.290597
Epoch [49 / 1000] average reconstruction error: 18639.987305
Epoch [50 / 1000] average reconstruction error: 18632.435999
Epoch [51 / 1000] average reconstruction error: 18623.170359
Epoch [52 / 1000] average reconstruction error: 18612.640400
Epoch [53 / 1000] average reconstruction error: 18620.532145
Epoch [54 / 1000] average reconstruction error: 18593.905146
Epoch [55 / 1000] average reconstruction error: 18602.253409
Epoch [56 / 1000] average reconstruction error: 18571.379446
Epoch [57 / 1000] average reconstruction error: 18576.511548
Epoch [58 / 1000] average reconstruction error: 18571.957000
Epoch [59 / 1000] average reconstruction error: 18557.770460
Epoch [60 / 1000] average reconstruction error: 18542.868191
Epoch [61 / 1000] average reconstruction error: 18546.222558
Epoch [62 / 1000] average reconstruction error: 18536.013464
Epoch [63 / 1000] average reconstruction error: 18534.125040
Epoch [64 / 1000] average reconstruction error: 18519.346623
Epoch [65 / 1000] average reconstruction error: 18525.112319
Epoch [66 / 1000] average reconstruction error: 18498.089490
Epoch [67 / 1000] average reconstruction error: 18514.451926
Epoch [68 / 1000] average reconstruction error: 18502.340237
Epoch [69 / 1000] average reconstruction error: 18488.376614
Epoch [70 / 1000] average reconstruction error: 18482.639977
Epoch [71 / 1000] average reconstruction error: 18479.432217
Epoch [72 / 1000] average reconstruction error: 18481.961677
Epoch [73 / 1000] average reconstruction error: 18469.358590
Epoch [74 / 1000] average reconstruction error: 18459.582373
Epoch [75 / 1000] average reconstruction error: 18452.306353
Epoch [76 / 1000] average reconstruction error: 18454.931449
Epoch [77 / 1000] average reconstruction error: 18458.938556
Epoch [78 / 1000] average reconstruction error: 18433.330632
Epoch [79 / 1000] average reconstruction error: 18438.109925
Epoch [80 / 1000] average reconstruction error: 18436.517922
Epoch [81 / 1000] average reconstruction error: 18430.312236
Epoch [82 / 1000] average reconstruction error: 18426.056895
Epoch [83 / 1000] average reconstruction error: 18421.605864
Epoch [84 / 1000] average reconstruction error: 18403.558977
Epoch [85 / 1000] average reconstruction error: 18416.291507
Epoch [86 / 1000] average reconstruction error: 18403.453123
Epoch [87 / 1000] average reconstruction error: 18396.852185
Epoch [88 / 1000] average reconstruction error: 18384.687846
Epoch [89 / 1000] average reconstruction error: 18391.909225
Epoch [90 / 1000] average reconstruction error: 18381.992733
Epoch [91 / 1000] average reconstruction error: 18384.011994
Epoch [92 / 1000] average reconstruction error: 18372.328069
Epoch [93 / 1000] average reconstruction error: 18361.651186
Epoch [94 / 1000] average reconstruction error: 18370.379868
Epoch [95 / 1000] average reconstruction error: 18363.557852
Epoch [96 / 1000] average reconstruction error: 18360.050442
Epoch [97 / 1000] average reconstruction error: 18355.222273
Epoch [98 / 1000] average reconstruction error: 18354.509618
Epoch [99 / 1000] average reconstruction error: 18350.817258
Epoch [100 / 1000] average reconstruction error: 18344.544724
Epoch [101 / 1000] average reconstruction error: 18340.617914
Epoch [102 / 1000] average reconstruction error: 18333.033203
Epoch [103 / 1000] average reconstruction error: 18333.433038
Epoch [104 / 1000] average reconstruction error: 18332.647767
Epoch [105 / 1000] average reconstruction error: 18317.703013
Epoch [106 / 1000] average reconstruction error: 18317.680683
Epoch [107 / 1000] average reconstruction error: 18326.751497
Epoch [108 / 1000] average reconstruction error: 18309.225932
Epoch [109 / 1000] average reconstruction error: 18306.698253
Epoch [110 / 1000] average reconstruction error: 18320.013947
Epoch [111 / 1000] average reconstruction error: 18307.631834
Epoch [112 / 1000] average reconstruction error: 18303.399903
Epoch [113 / 1000] average reconstruction error: 18304.531873
Epoch [114 / 1000] average reconstruction error: 18296.562200
Epoch [115 / 1000] average reconstruction error: 18296.101238
Epoch [116 / 1000] average reconstruction error: 18287.589600
Epoch [117 / 1000] average reconstruction error: 18277.901392
Epoch [118 / 1000] average reconstruction error: 18286.876366
Epoch [119 / 1000] average reconstruction error: 18281.145281
Epoch [120 / 1000] average reconstruction error: 18288.850788
Epoch [121 / 1000] average reconstruction error: 18279.275520
Epoch [122 / 1000] average reconstruction error: 18271.655207
Epoch [123 / 1000] average reconstruction error: 18262.405400
Epoch [124 / 1000] average reconstruction error: 18268.351679
Epoch [125 / 1000] average reconstruction error: 18260.763990
Epoch [126 / 1000] average reconstruction error: 18258.622676
Epoch [127 / 1000] average reconstruction error: 18261.141835
Epoch [128 / 1000] average reconstruction error: 18248.594602
Epoch [129 / 1000] average reconstruction error: 18244.038063
Epoch [130 / 1000] average reconstruction error: 18247.277875
Epoch [131 / 1000] average reconstruction error: 18254.735643
Epoch [132 / 1000] average reconstruction error: 18249.067191
Epoch [133 / 1000] average reconstruction error: 18242.585188
Epoch [134 / 1000] average reconstruction error: 18230.682374
Epoch [135 / 1000] average reconstruction error: 18236.219806
Epoch [136 / 1000] average reconstruction error: 18233.738998
Epoch [137 / 1000] average reconstruction error: 18229.689909
Epoch [138 / 1000] average reconstruction error: 18232.034904
Epoch [139 / 1000] average reconstruction error: 18227.950818
Epoch [140 / 1000] average reconstruction error: 18227.043689
Epoch [141 / 1000] average reconstruction error: 18222.628658
Epoch [142 / 1000] average reconstruction error: 18214.631723
Epoch [143 / 1000] average reconstruction error: 18213.475440
Epoch [144 / 1000] average reconstruction error: 18213.652288
Epoch [145 / 1000] average reconstruction error: 18206.034723
Epoch [146 / 1000] average reconstruction error: 18209.012091
Epoch [147 / 1000] average reconstruction error: 18210.743395
Epoch [148 / 1000] average reconstruction error: 18207.798297
Epoch [149 / 1000] average reconstruction error: 18205.651053
Epoch [150 / 1000] average reconstruction error: 18205.561659
Epoch [151 / 1000] average reconstruction error: 18183.989624
Epoch [152 / 1000] average reconstruction error: 18196.663340
Epoch [153 / 1000] average reconstruction error: 18198.750893
Epoch [154 / 1000] average reconstruction error: 18191.617664
Epoch [155 / 1000] average reconstruction error: 18201.174788
Epoch [156 / 1000] average reconstruction error: 18184.874432
Epoch [157 / 1000] average reconstruction error: 18184.168837
Epoch [158 / 1000] average reconstruction error: 18178.796211
Epoch [159 / 1000] average reconstruction error: 18191.299880
Epoch [160 / 1000] average reconstruction error: 18172.263380
Epoch [161 / 1000] average reconstruction error: 18183.327836
Epoch [162 / 1000] average reconstruction error: 18171.365509
Epoch [163 / 1000] average reconstruction error: 18167.563470
Epoch [164 / 1000] average reconstruction error: 18169.120267
Epoch [165 / 1000] average reconstruction error: 18175.065009
Epoch [166 / 1000] average reconstruction error: 18172.206698
Epoch [167 / 1000] average reconstruction error: 18171.779386
Epoch [168 / 1000] average reconstruction error: 18160.656052
Epoch [169 / 1000] average reconstruction error: 18166.189568
Epoch [170 / 1000] average reconstruction error: 18154.237165
Epoch [171 / 1000] average reconstruction error: 18147.448463
Epoch [172 / 1000] average reconstruction error: 18163.621462
Epoch [173 / 1000] average reconstruction error: 18154.132011
Epoch [174 / 1000] average reconstruction error: 18154.651548
Epoch [175 / 1000] average reconstruction error: 18156.821768
Epoch [176 / 1000] average reconstruction error: 18146.872939
Epoch [177 / 1000] average reconstruction error: 18149.094981
Epoch [178 / 1000] average reconstruction error: 18142.084540
Epoch [179 / 1000] average reconstruction error: 18146.420176
Epoch [180 / 1000] average reconstruction error: 18140.222744
Epoch [181 / 1000] average reconstruction error: 18140.511261
Epoch [182 / 1000] average reconstruction error: 18139.434362
Epoch [183 / 1000] average reconstruction error: 18142.880922
Epoch [184 / 1000] average reconstruction error: 18121.672189
Epoch [185 / 1000] average reconstruction error: 18135.022076
Epoch [186 / 1000] average reconstruction error: 18136.023542
Epoch [187 / 1000] average reconstruction error: 18135.560616
Epoch [188 / 1000] average reconstruction error: 18127.791126
Epoch [189 / 1000] average reconstruction error: 18123.661033
Epoch [190 / 1000] average reconstruction error: 18110.612090
Epoch [191 / 1000] average reconstruction error: 18133.416091
Epoch [192 / 1000] average reconstruction error: 18111.187277
Epoch [193 / 1000] average reconstruction error: 18117.719495
Epoch [194 / 1000] average reconstruction error: 18116.929735
Epoch [195 / 1000] average reconstruction error: 18123.112313
Epoch [196 / 1000] average reconstruction error: 18108.646845
Epoch [197 / 1000] average reconstruction error: 18116.392745
Epoch [198 / 1000] average reconstruction error: 18116.791049
Epoch [199 / 1000] average reconstruction error: 18113.047766
Epoch [200 / 1000] average reconstruction error: 18106.531163
Epoch [201 / 1000] average reconstruction error: 18098.874521
Epoch [202 / 1000] average reconstruction error: 18110.002226
Epoch [203 / 1000] average reconstruction error: 18098.795016
Epoch [204 / 1000] average reconstruction error: 18090.495709
Epoch [205 / 1000] average reconstruction error: 18107.274572
Epoch [206 / 1000] average reconstruction error: 18093.881851
Epoch [207 / 1000] average reconstruction error: 18099.876649
Epoch [208 / 1000] average reconstruction error: 18098.703221
Epoch [209 / 1000] average reconstruction error: 18103.035716
Epoch [210 / 1000] average reconstruction error: 18099.827182
Epoch [211 / 1000] average reconstruction error: 18093.407941
Epoch [212 / 1000] average reconstruction error: 18090.854028
Epoch [213 / 1000] average reconstruction error: 18101.129679
Epoch [214 / 1000] average reconstruction error: 18079.431291
Epoch [215 / 1000] average reconstruction error: 18104.271920
Epoch [216 / 1000] average reconstruction error: 18084.360762
Epoch [217 / 1000] average reconstruction error: 18085.338792
Epoch [218 / 1000] average reconstruction error: 18086.288040
Epoch [219 / 1000] average reconstruction error: 18082.490459
Epoch [220 / 1000] average reconstruction error: 18083.190861
Epoch [221 / 1000] average reconstruction error: 18076.745182
Epoch [222 / 1000] average reconstruction error: 18084.694959
Epoch [223 / 1000] average reconstruction error: 18078.488094
Epoch [224 / 1000] average reconstruction error: 18074.701170
Epoch [225 / 1000] average reconstruction error: 18072.846621
Epoch [226 / 1000] average reconstruction error: 18062.826026
Epoch [227 / 1000] average reconstruction error: 18077.766997
Epoch [228 / 1000] average reconstruction error: 18086.731497
Epoch [229 / 1000] average reconstruction error: 18066.977831
Epoch [230 / 1000] average reconstruction error: 18067.150455
Epoch [231 / 1000] average reconstruction error: 18071.290843
Epoch [232 / 1000] average reconstruction error: 18072.881447
Epoch [233 / 1000] average reconstruction error: 18062.260003
Epoch [234 / 1000] average reconstruction error: 18061.391420
Epoch [235 / 1000] average reconstruction error: 18066.963297
Epoch [236 / 1000] average reconstruction error: 18064.975765
Epoch [237 / 1000] average reconstruction error: 18055.922879
Epoch [238 / 1000] average reconstruction error: 18048.370148
Epoch [239 / 1000] average reconstruction error: 18059.624819
Epoch [240 / 1000] average reconstruction error: 18061.018473
Epoch [241 / 1000] average reconstruction error: 18050.354253
Epoch [242 / 1000] average reconstruction error: 18049.571556
Epoch [243 / 1000] average reconstruction error: 18054.546015
Epoch [244 / 1000] average reconstruction error: 18053.233832
Epoch [245 / 1000] average reconstruction error: 18042.273231
Epoch [246 / 1000] average reconstruction error: 18052.296929
Epoch [247 / 1000] average reconstruction error: 18055.770647
Epoch [248 / 1000] average reconstruction error: 18045.836564
Epoch [249 / 1000] average reconstruction error: 18049.072655
Epoch [250 / 1000] average reconstruction error: 18037.677595
Epoch [251 / 1000] average reconstruction error: 18045.582252
Epoch [252 / 1000] average reconstruction error: 18042.726277
Epoch [253 / 1000] average reconstruction error: 18046.079093
Epoch [254 / 1000] average reconstruction error: 18048.535029
Epoch [255 / 1000] average reconstruction error: 18029.443686
Epoch [256 / 1000] average reconstruction error: 18037.089117
Epoch [257 / 1000] average reconstruction error: 18042.485618
Epoch [258 / 1000] average reconstruction error: 18024.867042
Epoch [259 / 1000] average reconstruction error: 18036.732341
Epoch [260 / 1000] average reconstruction error: 18042.129071
Epoch [261 / 1000] average reconstruction error: 18030.101608
Epoch [262 / 1000] average reconstruction error: 18029.165905
Epoch [263 / 1000] average reconstruction error: 18028.893954
Epoch [264 / 1000] average reconstruction error: 18027.048982
Epoch [265 / 1000] average reconstruction error: 18021.584347
Epoch [266 / 1000] average reconstruction error: 18024.427172
Epoch [267 / 1000] average reconstruction error: 18033.556999
Epoch [268 / 1000] average reconstruction error: 18020.061832
Epoch [269 / 1000] average reconstruction error: 18035.545705
Epoch [270 / 1000] average reconstruction error: 18021.347000
Epoch [271 / 1000] average reconstruction error: 18014.029078
Epoch [272 / 1000] average reconstruction error: 18033.428276
Epoch [273 / 1000] average reconstruction error: 18012.465460
Epoch [274 / 1000] average reconstruction error: 18015.783640
Epoch [275 / 1000] average reconstruction error: 18024.913388
Epoch [276 / 1000] average reconstruction error: 18020.993803
Epoch [277 / 1000] average reconstruction error: 18007.655253
Epoch [278 / 1000] average reconstruction error: 18005.579333
Epoch [279 / 1000] average reconstruction error: 18014.958724
Epoch [280 / 1000] average reconstruction error: 18008.596934
Epoch [281 / 1000] average reconstruction error: 18012.717859
Epoch [282 / 1000] average reconstruction error: 18008.974031
Epoch [283 / 1000] average reconstruction error: 18005.663661
Epoch [284 / 1000] average reconstruction error: 18000.354715
Epoch [285 / 1000] average reconstruction error: 18008.416663
Epoch [286 / 1000] average reconstruction error: 18012.640910
Epoch [287 / 1000] average reconstruction error: 17995.818957
Epoch [288 / 1000] average reconstruction error: 17997.320121
Epoch [289 / 1000] average reconstruction error: 18010.909519
Epoch [290 / 1000] average reconstruction error: 18009.753527
Epoch [291 / 1000] average reconstruction error: 17991.993220
Epoch [292 / 1000] average reconstruction error: 18013.811176
Epoch [293 / 1000] average reconstruction error: 17988.919847
Epoch [294 / 1000] average reconstruction error: 18001.101898
Epoch [295 / 1000] average reconstruction error: 17992.211289
Epoch [296 / 1000] average reconstruction error: 18006.377367
Epoch [297 / 1000] average reconstruction error: 18000.718871
Epoch [298 / 1000] average reconstruction error: 17983.522117
Epoch [299 / 1000] average reconstruction error: 17986.638641
Epoch [300 / 1000] average reconstruction error: 17997.477439
Epoch [301 / 1000] average reconstruction error: 17995.901800
Epoch [302 / 1000] average reconstruction error: 17991.173966
Epoch [303 / 1000] average reconstruction error: 17997.030369
Epoch [304 / 1000] average reconstruction error: 17986.428542
Epoch [305 / 1000] average reconstruction error: 17986.448155
Epoch [306 / 1000] average reconstruction error: 17991.272532
Epoch [307 / 1000] average reconstruction error: 17988.425352
Epoch [308 / 1000] average reconstruction error: 17988.657778
Epoch [309 / 1000] average reconstruction error: 17971.016804
Epoch [310 / 1000] average reconstruction error: 17996.603584
Epoch [311 / 1000] average reconstruction error: 17981.159144
Epoch [312 / 1000] average reconstruction error: 17978.758493
Epoch [313 / 1000] average reconstruction error: 17978.592440
Epoch [314 / 1000] average reconstruction error: 17990.724897
Epoch [315 / 1000] average reconstruction error: 17980.678634
Epoch [316 / 1000] average reconstruction error: 17981.638618
Epoch [317 / 1000] average reconstruction error: 17981.208866
Epoch [318 / 1000] average reconstruction error: 17970.837349
Epoch [319 / 1000] average reconstruction error: 17975.192166
Epoch [320 / 1000] average reconstruction error: 17982.971536
Epoch [321 / 1000] average reconstruction error: 17986.549738
Epoch [322 / 1000] average reconstruction error: 17973.279817
Epoch [323 / 1000] average reconstruction error: 17968.992437
Epoch [324 / 1000] average reconstruction error: 17971.485616
Epoch [325 / 1000] average reconstruction error: 17972.024747
Epoch [326 / 1000] average reconstruction error: 17975.471950
Epoch [327 / 1000] average reconstruction error: 17970.161745
Epoch [328 / 1000] average reconstruction error: 17968.959326
Epoch [329 / 1000] average reconstruction error: 17962.661695
Epoch [330 / 1000] average reconstruction error: 17960.360724
Epoch [331 / 1000] average reconstruction error: 17977.691614
Epoch [332 / 1000] average reconstruction error: 17963.454162
Epoch [333 / 1000] average reconstruction error: 17963.462780
Epoch [334 / 1000] average reconstruction error: 17954.522732
Epoch [335 / 1000] average reconstruction error: 17957.307255
Epoch [336 / 1000] average reconstruction error: 17974.267543
Epoch [337 / 1000] average reconstruction error: 17966.083670
Epoch [338 / 1000] average reconstruction error: 17950.189630
Epoch [339 / 1000] average reconstruction error: 17957.665599
Epoch [340 / 1000] average reconstruction error: 17956.373886
Epoch [341 / 1000] average reconstruction error: 17961.524002
Epoch [342 / 1000] average reconstruction error: 17954.607922
Epoch [343 / 1000] average reconstruction error: 17961.080669
Epoch [344 / 1000] average reconstruction error: 17955.636421
Epoch [345 / 1000] average reconstruction error: 17955.269823
Epoch [346 / 1000] average reconstruction error: 17957.433565
Epoch [347 / 1000] average reconstruction error: 17945.689838
Epoch [348 / 1000] average reconstruction error: 17971.067399
Epoch [349 / 1000] average reconstruction error: 17944.326122
Epoch [350 / 1000] average reconstruction error: 17957.171454
Epoch [351 / 1000] average reconstruction error: 17949.330630
Epoch [352 / 1000] average reconstruction error: 17942.812360
Epoch [353 / 1000] average reconstruction error: 17951.319742
Epoch [354 / 1000] average reconstruction error: 17952.222677
Epoch [355 / 1000] average reconstruction error: 17958.427351
Epoch [356 / 1000] average reconstruction error: 17948.021380
Epoch [357 / 1000] average reconstruction error: 17946.644802
Epoch [358 / 1000] average reconstruction error: 17951.808681
Epoch [359 / 1000] average reconstruction error: 17949.751986
Epoch [360 / 1000] average reconstruction error: 17949.387631
Epoch [361 / 1000] average reconstruction error: 17946.583235
Epoch [362 / 1000] average reconstruction error: 17945.708545
Epoch [363 / 1000] average reconstruction error: 17947.262652
Epoch [364 / 1000] average reconstruction error: 17951.314053
Epoch [365 / 1000] average reconstruction error: 17942.356041
Epoch [366 / 1000] average reconstruction error: 17933.426518
Epoch [367 / 1000] average reconstruction error: 17936.309916
Epoch [368 / 1000] average reconstruction error: 17948.232709
Epoch [369 / 1000] average reconstruction error: 17936.863796
Epoch [370 / 1000] average reconstruction error: 17944.848710
Epoch [371 / 1000] average reconstruction error: 17938.432474
Epoch [372 / 1000] average reconstruction error: 17931.440832
Epoch [373 / 1000] average reconstruction error: 17943.230317
Epoch [374 / 1000] average reconstruction error: 17946.169133
Epoch [375 / 1000] average reconstruction error: 17942.044635
Epoch [376 / 1000] average reconstruction error: 17930.084946
Epoch [377 / 1000] average reconstruction error: 17929.352495
Epoch [378 / 1000] average reconstruction error: 17929.686074
Epoch [379 / 1000] average reconstruction error: 17932.665320
Epoch [380 / 1000] average reconstruction error: 17937.346613
Epoch [381 / 1000] average reconstruction error: 17934.979376
Epoch [382 / 1000] average reconstruction error: 17940.666565
Epoch [383 / 1000] average reconstruction error: 17936.807182
Epoch [384 / 1000] average reconstruction error: 17928.198513
Epoch [385 / 1000] average reconstruction error: 17918.588480
Epoch [386 / 1000] average reconstruction error: 17925.684816
Epoch [387 / 1000] average reconstruction error: 17930.833503
Epoch [388 / 1000] average reconstruction error: 17924.117883
Epoch [389 / 1000] average reconstruction error: 17916.736840
Epoch [390 / 1000] average reconstruction error: 17926.770701
Epoch [391 / 1000] average reconstruction error: 17937.195583
Epoch [392 / 1000] average reconstruction error: 17918.782152
Epoch [393 / 1000] average reconstruction error: 17926.867385
Epoch [394 / 1000] average reconstruction error: 17927.754648
Epoch [395 / 1000] average reconstruction error: 17920.999973
Epoch [396 / 1000] average reconstruction error: 17909.770250
Epoch [397 / 1000] average reconstruction error: 17923.956448
Epoch [398 / 1000] average reconstruction error: 17919.483811
Epoch [399 / 1000] average reconstruction error: 17923.273036
Epoch [400 / 1000] average reconstruction error: 17922.006559
Epoch [401 / 1000] average reconstruction error: 17913.756382
Epoch [402 / 1000] average reconstruction error: 17923.692837
Epoch [403 / 1000] average reconstruction error: 17920.082491
Epoch [404 / 1000] average reconstruction error: 17918.241682
Epoch [405 / 1000] average reconstruction error: 17921.578898
Epoch [406 / 1000] average reconstruction error: 17921.592372
Epoch [407 / 1000] average reconstruction error: 17915.684856
Epoch [408 / 1000] average reconstruction error: 17921.697857
Epoch [409 / 1000] average reconstruction error: 17905.520668
Epoch [410 / 1000] average reconstruction error: 17924.317487
Epoch [411 / 1000] average reconstruction error: 17906.064820
Epoch [412 / 1000] average reconstruction error: 17912.233486
Epoch [413 / 1000] average reconstruction error: 17909.668421
Epoch [414 / 1000] average reconstruction error: 17908.828689
Epoch [415 / 1000] average reconstruction error: 17909.467140
Epoch [416 / 1000] average reconstruction error: 17910.967553
Epoch [417 / 1000] average reconstruction error: 17914.711864
Epoch [418 / 1000] average reconstruction error: 17905.585838
Epoch [419 / 1000] average reconstruction error: 17902.190954
Epoch [420 / 1000] average reconstruction error: 17903.960602
Epoch [421 / 1000] average reconstruction error: 17907.111091
Epoch [422 / 1000] average reconstruction error: 17906.906598
Epoch [423 / 1000] average reconstruction error: 17904.880447
Epoch [424 / 1000] average reconstruction error: 17902.713176
Epoch [425 / 1000] average reconstruction error: 17901.652594
Epoch [426 / 1000] average reconstruction error: 17910.084547
Epoch [427 / 1000] average reconstruction error: 17908.239493
Epoch [428 / 1000] average reconstruction error: 17904.246837
Epoch [429 / 1000] average reconstruction error: 17902.820808
Epoch [430 / 1000] average reconstruction error: 17908.673876
Epoch [431 / 1000] average reconstruction error: 17895.519385
Epoch [432 / 1000] average reconstruction error: 17897.026815
Epoch [433 / 1000] average reconstruction error: 17898.874400
Epoch [434 / 1000] average reconstruction error: 17900.860653
Epoch [435 / 1000] average reconstruction error: 17896.074594
Epoch [436 / 1000] average reconstruction error: 17903.546473
Epoch [437 / 1000] average reconstruction error: 17889.304550
Epoch [438 / 1000] average reconstruction error: 17902.219441
Epoch [439 / 1000] average reconstruction error: 17895.194829
Epoch [440 / 1000] average reconstruction error: 17897.831275
Epoch [441 / 1000] average reconstruction error: 17886.543814
Epoch [442 / 1000] average reconstruction error: 17911.605654
Epoch [443 / 1000] average reconstruction error: 17892.797897
Epoch [444 / 1000] average reconstruction error: 17896.028125
Epoch [445 / 1000] average reconstruction error: 17900.864918
Epoch [446 / 1000] average reconstruction error: 17891.865603
Epoch [447 / 1000] average reconstruction error: 17895.199377
Epoch [448 / 1000] average reconstruction error: 17884.140271
Epoch [449 / 1000] average reconstruction error: 17892.584257
Epoch [450 / 1000] average reconstruction error: 17896.119288
Epoch [451 / 1000] average reconstruction error: 17906.619195
Epoch [452 / 1000] average reconstruction error: 17891.986832
Epoch [453 / 1000] average reconstruction error: 17895.661351
Epoch [454 / 1000] average reconstruction error: 17889.497052
Epoch [455 / 1000] average reconstruction error: 17884.052399
Epoch [456 / 1000] average reconstruction error: 17894.892151
Epoch [457 / 1000] average reconstruction error: 17891.328477
Epoch [458 / 1000] average reconstruction error: 17893.363517
Epoch [459 / 1000] average reconstruction error: 17892.603511
Epoch [460 / 1000] average reconstruction error: 17897.502636
Epoch [461 / 1000] average reconstruction error: 17887.572051
Epoch [462 / 1000] average reconstruction error: 17888.032935
Epoch [463 / 1000] average reconstruction error: 17884.249252
Epoch [464 / 1000] average reconstruction error: 17888.822520
Epoch [465 / 1000] average reconstruction error: 17878.560536
Epoch [466 / 1000] average reconstruction error: 17906.975340
Epoch [467 / 1000] average reconstruction error: 17880.789958
Epoch [468 / 1000] average reconstruction error: 17872.977016
Epoch [469 / 1000] average reconstruction error: 17876.669907
Epoch [470 / 1000] average reconstruction error: 17884.774547
Epoch [471 / 1000] average reconstruction error: 17895.847785
Epoch [472 / 1000] average reconstruction error: 17882.493645
Epoch [473 / 1000] average reconstruction error: 17880.730527
Epoch [474 / 1000] average reconstruction error: 17869.032812
Epoch [475 / 1000] average reconstruction error: 17883.059529
Epoch [476 / 1000] average reconstruction error: 17881.412172
Epoch [477 / 1000] average reconstruction error: 17882.370275
Epoch [478 / 1000] average reconstruction error: 17879.356843
Epoch [479 / 1000] average reconstruction error: 17876.761923
Epoch [480 / 1000] average reconstruction error: 17883.348354
Epoch [481 / 1000] average reconstruction error: 17865.507459
Epoch [482 / 1000] average reconstruction error: 17879.930158
Epoch [483 / 1000] average reconstruction error: 17881.177228
Epoch [484 / 1000] average reconstruction error: 17874.989131
Epoch [485 / 1000] average reconstruction error: 17874.664652
Epoch [486 / 1000] average reconstruction error: 17870.709686
Epoch [487 / 1000] average reconstruction error: 17881.572116
Epoch [488 / 1000] average reconstruction error: 17881.466876
Epoch [489 / 1000] average reconstruction error: 17879.852987
Epoch [490 / 1000] average reconstruction error: 17860.149556
Epoch [491 / 1000] average reconstruction error: 17880.422570
Epoch [492 / 1000] average reconstruction error: 17873.451734
Epoch [493 / 1000] average reconstruction error: 17876.752401
Epoch [494 / 1000] average reconstruction error: 17877.251812
Epoch [495 / 1000] average reconstruction error: 17863.036778
Epoch [496 / 1000] average reconstruction error: 17873.184885
Epoch [497 / 1000] average reconstruction error: 17877.956611
Epoch [498 / 1000] average reconstruction error: 17875.065688
Epoch [499 / 1000] average reconstruction error: 17865.420201
Epoch [500 / 1000] average reconstruction error: 17867.769044
Epoch [501 / 1000] average reconstruction error: 17862.057355
Epoch [502 / 1000] average reconstruction error: 17868.311392
Epoch [503 / 1000] average reconstruction error: 17862.855902
Epoch [504 / 1000] average reconstruction error: 17881.320579
Epoch [505 / 1000] average reconstruction error: 17861.955513
Epoch [506 / 1000] average reconstruction error: 17868.812681
Epoch [507 / 1000] average reconstruction error: 17867.899831
Epoch [508 / 1000] average reconstruction error: 17874.547204
Epoch [509 / 1000] average reconstruction error: 17857.780273
Epoch [510 / 1000] average reconstruction error: 17863.542038
Epoch [511 / 1000] average reconstruction error: 17880.505470
Epoch [512 / 1000] average reconstruction error: 17862.443599
Epoch [513 / 1000] average reconstruction error: 17846.710800
Epoch [514 / 1000] average reconstruction error: 17871.957889
Epoch [515 / 1000] average reconstruction error: 17864.066827
Epoch [516 / 1000] average reconstruction error: 17881.694244
Epoch [517 / 1000] average reconstruction error: 17855.286862
Epoch [518 / 1000] average reconstruction error: 17860.469237
Epoch [519 / 1000] average reconstruction error: 17860.929300
Epoch [520 / 1000] average reconstruction error: 17847.427772
Epoch [521 / 1000] average reconstruction error: 17866.778999
Epoch [522 / 1000] average reconstruction error: 17867.290333
Epoch [523 / 1000] average reconstruction error: 17864.644914
Epoch [524 / 1000] average reconstruction error: 17860.211204
Epoch [525 / 1000] average reconstruction error: 17852.799053
Epoch [526 / 1000] average reconstruction error: 17871.155132
Epoch [527 / 1000] average reconstruction error: 17851.731787
Epoch [528 / 1000] average reconstruction error: 17851.708970
Epoch [529 / 1000] average reconstruction error: 17858.188776
Epoch [530 / 1000] average reconstruction error: 17858.311361
Epoch [531 / 1000] average reconstruction error: 17861.851500
Epoch [532 / 1000] average reconstruction error: 17853.625446
Epoch [533 / 1000] average reconstruction error: 17854.089783
Epoch [534 / 1000] average reconstruction error: 17847.374415
Epoch [535 / 1000] average reconstruction error: 17855.075578
Epoch [536 / 1000] average reconstruction error: 17857.821410
Epoch [537 / 1000] average reconstruction error: 17845.916736
Epoch [538 / 1000] average reconstruction error: 17853.148844
Epoch [539 / 1000] average reconstruction error: 17852.472394
Epoch [540 / 1000] average reconstruction error: 17848.197609
Epoch [541 / 1000] average reconstruction error: 17844.462895
Epoch [542 / 1000] average reconstruction error: 17859.654407
Epoch [543 / 1000] average reconstruction error: 17847.800002
Epoch [544 / 1000] average reconstruction error: 17841.578629
Epoch [545 / 1000] average reconstruction error: 17848.137279
Epoch [546 / 1000] average reconstruction error: 17839.994867
Epoch [547 / 1000] average reconstruction error: 17845.675025
Epoch [548 / 1000] average reconstruction error: 17854.186147
Epoch [549 / 1000] average reconstruction error: 17850.614329
Epoch [550 / 1000] average reconstruction error: 17853.093563
Epoch [551 / 1000] average reconstruction error: 17841.604967
Epoch [552 / 1000] average reconstruction error: 17843.834859
Epoch [553 / 1000] average reconstruction error: 17842.861699
Epoch [554 / 1000] average reconstruction error: 17856.015594
Epoch [555 / 1000] average reconstruction error: 17846.801700
Epoch [556 / 1000] average reconstruction error: 17846.973420
Epoch [557 / 1000] average reconstruction error: 17843.662507
Epoch [558 / 1000] average reconstruction error: 17852.651261
Epoch [559 / 1000] average reconstruction error: 17836.273429
Epoch [560 / 1000] average reconstruction error: 17846.547291
Epoch [561 / 1000] average reconstruction error: 17838.592180
Epoch [562 / 1000] average reconstruction error: 17846.180989
Epoch [563 / 1000] average reconstruction error: 17847.190807
Epoch [564 / 1000] average reconstruction error: 17849.472615
Epoch [565 / 1000] average reconstruction error: 17839.425261
Epoch [566 / 1000] average reconstruction error: 17842.039902
Epoch [567 / 1000] average reconstruction error: 17836.095774
Epoch [568 / 1000] average reconstruction error: 17841.871454
Epoch [569 / 1000] average reconstruction error: 17849.841018
Epoch [570 / 1000] average reconstruction error: 17854.191829
Epoch [571 / 1000] average reconstruction error: 17830.498971
Epoch [572 / 1000] average reconstruction error: 17856.928265
Epoch [573 / 1000] average reconstruction error: 17832.829605
Epoch [574 / 1000] average reconstruction error: 17841.435378
Epoch [575 / 1000] average reconstruction error: 17838.137420
Epoch [576 / 1000] average reconstruction error: 17833.575087
Epoch [577 / 1000] average reconstruction error: 17837.906302
Epoch [578 / 1000] average reconstruction error: 17837.227549
Epoch [579 / 1000] average reconstruction error: 17835.874411
Epoch [580 / 1000] average reconstruction error: 17830.660619
Epoch [581 / 1000] average reconstruction error: 17837.590804
Epoch [582 / 1000] average reconstruction error: 17830.136912
Epoch [583 / 1000] average reconstruction error: 17841.543698
Epoch [584 / 1000] average reconstruction error: 17825.744501
Epoch [585 / 1000] average reconstruction error: 17832.314453
Epoch [586 / 1000] average reconstruction error: 17836.526334
Epoch [587 / 1000] average reconstruction error: 17834.923774
Epoch [588 / 1000] average reconstruction error: 17826.400974
Epoch [589 / 1000] average reconstruction error: 17837.171488
Epoch [590 / 1000] average reconstruction error: 17836.842823
Epoch [591 / 1000] average reconstruction error: 17846.349489
Epoch [592 / 1000] average reconstruction error: 17827.794989
Epoch [593 / 1000] average reconstruction error: 17824.473962
Epoch [594 / 1000] average reconstruction error: 17854.038663
Epoch [595 / 1000] average reconstruction error: 17828.111561
Epoch [596 / 1000] average reconstruction error: 17829.858767
Epoch [597 / 1000] average reconstruction error: 17825.852108
Epoch [598 / 1000] average reconstruction error: 17822.768224
Epoch [599 / 1000] average reconstruction error: 17823.410092
Epoch [600 / 1000] average reconstruction error: 17830.017611
Epoch [601 / 1000] average reconstruction error: 17828.695504
Epoch [602 / 1000] average reconstruction error: 17840.577625
Epoch [603 / 1000] average reconstruction error: 17827.638913
Epoch [604 / 1000] average reconstruction error: 17821.876472
Epoch [605 / 1000] average reconstruction error: 17826.338055
Epoch [606 / 1000] average reconstruction error: 17843.859338
Epoch [607 / 1000] average reconstruction error: 17833.976140
Epoch [608 / 1000] average reconstruction error: 17811.363764
Epoch [609 / 1000] average reconstruction error: 17831.996725
Epoch [610 / 1000] average reconstruction error: 17816.142639
Epoch [611 / 1000] average reconstruction error: 17832.394231
Epoch [612 / 1000] average reconstruction error: 17816.690226
Epoch [613 / 1000] average reconstruction error: 17820.450499
Epoch [614 / 1000] average reconstruction error: 17827.145331
Epoch [615 / 1000] average reconstruction error: 17832.013391
Epoch [616 / 1000] average reconstruction error: 17825.460125
Epoch [617 / 1000] average reconstruction error: 17826.171382
Epoch [618 / 1000] average reconstruction error: 17816.766356
Epoch [619 / 1000] average reconstruction error: 17821.434712
Epoch [620 / 1000] average reconstruction error: 17822.687017
Epoch [621 / 1000] average reconstruction error: 17831.434616
Epoch [622 / 1000] average reconstruction error: 17813.277215
Epoch [623 / 1000] average reconstruction error: 17832.667094
Epoch [624 / 1000] average reconstruction error: 17820.782608
Epoch [625 / 1000] average reconstruction error: 17820.628219
Epoch [626 / 1000] average reconstruction error: 17813.877661
Epoch [627 / 1000] average reconstruction error: 17816.971728
Epoch [628 / 1000] average reconstruction error: 17814.361557
Epoch [629 / 1000] average reconstruction error: 17828.638915
Epoch [630 / 1000] average reconstruction error: 17840.698944
Epoch [631 / 1000] average reconstruction error: 17817.660606
Epoch [632 / 1000] average reconstruction error: 17820.166969
Epoch [633 / 1000] average reconstruction error: 17819.684556
Epoch [634 / 1000] average reconstruction error: 17817.326701
Epoch [635 / 1000] average reconstruction error: 17818.572105
Epoch [636 / 1000] average reconstruction error: 17810.202542
Epoch [637 / 1000] average reconstruction error: 17823.077521
Epoch [638 / 1000] average reconstruction error: 17820.076286
Epoch [639 / 1000] average reconstruction error: 17820.596890
Epoch [640 / 1000] average reconstruction error: 17812.665249
Epoch [641 / 1000] average reconstruction error: 17816.289629
Epoch [642 / 1000] average reconstruction error: 17821.452590
Epoch [643 / 1000] average reconstruction error: 17806.382213
Epoch [644 / 1000] average reconstruction error: 17803.164668
Epoch [645 / 1000] average reconstruction error: 17820.892670
Epoch [646 / 1000] average reconstruction error: 17825.500471
Epoch [647 / 1000] average reconstruction error: 17808.090385
Epoch [648 / 1000] average reconstruction error: 17810.628021
Epoch [649 / 1000] average reconstruction error: 17799.676954
Epoch [650 / 1000] average reconstruction error: 17814.619884
Epoch [651 / 1000] average reconstruction error: 17814.346584
Epoch [652 / 1000] average reconstruction error: 17807.861172
Epoch [653 / 1000] average reconstruction error: 17812.172117
Epoch [654 / 1000] average reconstruction error: 17814.554519
Epoch [655 / 1000] average reconstruction error: 17808.522205
Epoch [656 / 1000] average reconstruction error: 17815.120377
Epoch [657 / 1000] average reconstruction error: 17815.526003
Epoch [658 / 1000] average reconstruction error: 17803.914317
Epoch [659 / 1000] average reconstruction error: 17807.737834
Epoch [660 / 1000] average reconstruction error: 17810.106460
Epoch [661 / 1000] average reconstruction error: 17799.555999
Epoch [662 / 1000] average reconstruction error: 17812.518109
Epoch [663 / 1000] average reconstruction error: 17799.360424
Epoch [664 / 1000] average reconstruction error: 17805.146522
Epoch [665 / 1000] average reconstruction error: 17808.262110
Epoch [666 / 1000] average reconstruction error: 17818.682946
Epoch [667 / 1000] average reconstruction error: 17796.979526
Epoch [668 / 1000] average reconstruction error: 17807.600428
Epoch [669 / 1000] average reconstruction error: 17823.820796
Epoch [670 / 1000] average reconstruction error: 17814.558419
Epoch [671 / 1000] average reconstruction error: 17800.518942
Epoch [672 / 1000] average reconstruction error: 17806.919366
Epoch [673 / 1000] average reconstruction error: 17815.974389
Epoch [674 / 1000] average reconstruction error: 17812.659796
Epoch [675 / 1000] average reconstruction error: 17808.238502
Epoch [676 / 1000] average reconstruction error: 17810.378556
Epoch [677 / 1000] average reconstruction error: 17802.532456
Epoch [678 / 1000] average reconstruction error: 17813.919578
Epoch [679 / 1000] average reconstruction error: 17809.085523
Epoch [680 / 1000] average reconstruction error: 17800.526696
Epoch [681 / 1000] average reconstruction error: 17801.114068
Epoch [682 / 1000] average reconstruction error: 17801.896287
Epoch [683 / 1000] average reconstruction error: 17809.331577
Epoch [684 / 1000] average reconstruction error: 17801.954445
Epoch [685 / 1000] average reconstruction error: 17808.196424
Epoch [686 / 1000] average reconstruction error: 17804.355785
Epoch [687 / 1000] average reconstruction error: 17792.597983
Epoch [688 / 1000] average reconstruction error: 17800.999925
Epoch [689 / 1000] average reconstruction error: 17789.418964
Epoch [690 / 1000] average reconstruction error: 17808.400020
Epoch [691 / 1000] average reconstruction error: 17791.710933
Epoch [692 / 1000] average reconstruction error: 17810.678719
Epoch [693 / 1000] average reconstruction error: 17796.318845
Epoch [694 / 1000] average reconstruction error: 17800.669487
Epoch [695 / 1000] average reconstruction error: 17813.679627
Epoch [696 / 1000] average reconstruction error: 17796.883033
Epoch [697 / 1000] average reconstruction error: 17802.819196
Epoch [698 / 1000] average reconstruction error: 17787.467278
Epoch [699 / 1000] average reconstruction error: 17790.536333
Epoch [700 / 1000] average reconstruction error: 17823.460061
Epoch [701 / 1000] average reconstruction error: 17803.297452
Epoch [702 / 1000] average reconstruction error: 17797.333680
Epoch [703 / 1000] average reconstruction error: 17790.085658
Epoch [704 / 1000] average reconstruction error: 17798.924786
Epoch [705 / 1000] average reconstruction error: 17804.421681
Epoch [706 / 1000] average reconstruction error: 17797.733221
Epoch [707 / 1000] average reconstruction error: 17788.659879
Epoch [708 / 1000] average reconstruction error: 17791.845897
Epoch [709 / 1000] average reconstruction error: 17790.130843
Epoch [710 / 1000] average reconstruction error: 17794.642645
Epoch [711 / 1000] average reconstruction error: 17790.447901
Epoch [712 / 1000] average reconstruction error: 17799.728726
Epoch [713 / 1000] average reconstruction error: 17792.258843
Epoch [714 / 1000] average reconstruction error: 17790.301289
Epoch [715 / 1000] average reconstruction error: 17786.199483
Epoch [716 / 1000] average reconstruction error: 17796.880782
Epoch [717 / 1000] average reconstruction error: 17786.809876
Epoch [718 / 1000] average reconstruction error: 17804.147028
Epoch [719 / 1000] average reconstruction error: 17798.605558
Epoch [720 / 1000] average reconstruction error: 17794.050338
Epoch [721 / 1000] average reconstruction error: 17787.825206
Epoch [722 / 1000] average reconstruction error: 17785.293806
Epoch [723 / 1000] average reconstruction error: 17791.005462
Epoch [724 / 1000] average reconstruction error: 17799.895110
Epoch [725 / 1000] average reconstruction error: 17784.468084
Epoch [726 / 1000] average reconstruction error: 17794.487888
Epoch [727 / 1000] average reconstruction error: 17801.047785
Epoch [728 / 1000] average reconstruction error: 17786.354155
Epoch [729 / 1000] average reconstruction error: 17783.042915
Epoch [730 / 1000] average reconstruction error: 17794.973912
Epoch [731 / 1000] average reconstruction error: 17784.009293
Epoch [732 / 1000] average reconstruction error: 17784.069199
Epoch [733 / 1000] average reconstruction error: 17787.954791
Epoch [734 / 1000] average reconstruction error: 17794.245030
Epoch [735 / 1000] average reconstruction error: 17790.388268
Epoch [736 / 1000] average reconstruction error: 17784.105109
Epoch [737 / 1000] average reconstruction error: 17782.270912
Epoch [738 / 1000] average reconstruction error: 17792.555375
Epoch [739 / 1000] average reconstruction error: 17778.334561
Epoch [740 / 1000] average reconstruction error: 17785.073592
Epoch [741 / 1000] average reconstruction error: 17796.775070
Epoch [742 / 1000] average reconstruction error: 17769.612913
Epoch [743 / 1000] average reconstruction error: 17785.651309
Epoch [744 / 1000] average reconstruction error: 17779.021105
Epoch [745 / 1000] average reconstruction error: 17775.773762
Epoch [746 / 1000] average reconstruction error: 17788.108763
Epoch [747 / 1000] average reconstruction error: 17782.403331
Epoch [748 / 1000] average reconstruction error: 17777.995763
Epoch [749 / 1000] average reconstruction error: 17788.053684
Epoch [750 / 1000] average reconstruction error: 17784.337905
Epoch [751 / 1000] average reconstruction error: 17777.257985
Epoch [752 / 1000] average reconstruction error: 17780.129633
Epoch [753 / 1000] average reconstruction error: 17774.088592
Epoch [754 / 1000] average reconstruction error: 17783.662480
Epoch [755 / 1000] average reconstruction error: 17785.312533
Epoch [756 / 1000] average reconstruction error: 17788.484296
Epoch [757 / 1000] average reconstruction error: 17780.090269
Epoch [758 / 1000] average reconstruction error: 17782.430512
Epoch [759 / 1000] average reconstruction error: 17771.296448
Epoch [760 / 1000] average reconstruction error: 17786.317599
Epoch [761 / 1000] average reconstruction error: 17784.741700
Epoch [762 / 1000] average reconstruction error: 17781.218267
Epoch [763 / 1000] average reconstruction error: 17775.592065
Epoch [764 / 1000] average reconstruction error: 17777.944394
Epoch [765 / 1000] average reconstruction error: 17777.669322
Epoch [766 / 1000] average reconstruction error: 17776.371306
Epoch [767 / 1000] average reconstruction error: 17776.897709
Epoch [768 / 1000] average reconstruction error: 17781.455034
Epoch [769 / 1000] average reconstruction error: 17770.161835
Epoch [770 / 1000] average reconstruction error: 17784.990257
Epoch [771 / 1000] average reconstruction error: 17782.394856
Epoch [772 / 1000] average reconstruction error: 17767.310926
Epoch [773 / 1000] average reconstruction error: 17778.501822
Epoch [774 / 1000] average reconstruction error: 17780.314351
Epoch [775 / 1000] average reconstruction error: 17770.739670
Epoch [776 / 1000] average reconstruction error: 17773.802318
Epoch [777 / 1000] average reconstruction error: 17779.196366
Epoch [778 / 1000] average reconstruction error: 17768.987744
Epoch [779 / 1000] average reconstruction error: 17774.050325
Epoch [780 / 1000] average reconstruction error: 17776.193222
Epoch [781 / 1000] average reconstruction error: 17770.643357
Epoch [782 / 1000] average reconstruction error: 17775.911497
Epoch [783 / 1000] average reconstruction error: 17777.873174
Epoch [784 / 1000] average reconstruction error: 17779.553415
Epoch [785 / 1000] average reconstruction error: 17765.124307
Epoch [786 / 1000] average reconstruction error: 17779.838384
Epoch [787 / 1000] average reconstruction error: 17770.072686
Epoch [788 / 1000] average reconstruction error: 17784.479061
Epoch [789 / 1000] average reconstruction error: 17763.604132
Epoch [790 / 1000] average reconstruction error: 17763.984635
Epoch [791 / 1000] average reconstruction error: 17767.369559
Epoch [792 / 1000] average reconstruction error: 17766.375962
Epoch [793 / 1000] average reconstruction error: 17774.916794
Epoch [794 / 1000] average reconstruction error: 17766.089036
Epoch [795 / 1000] average reconstruction error: 17766.293952
Epoch [796 / 1000] average reconstruction error: 17761.669770
Epoch [797 / 1000] average reconstruction error: 17773.718290
Epoch [798 / 1000] average reconstruction error: 17775.439499
Epoch [799 / 1000] average reconstruction error: 17766.294535
Epoch [800 / 1000] average reconstruction error: 17772.552936
Epoch [801 / 1000] average reconstruction error: 17773.160504
Epoch [802 / 1000] average reconstruction error: 17776.421783
Epoch [803 / 1000] average reconstruction error: 17752.420282
Epoch [804 / 1000] average reconstruction error: 17774.186725
Epoch [805 / 1000] average reconstruction error: 17768.420080
Epoch [806 / 1000] average reconstruction error: 17765.370115
Epoch [807 / 1000] average reconstruction error: 17766.359379
Epoch [808 / 1000] average reconstruction error: 17767.457094
Epoch [809 / 1000] average reconstruction error: 17766.914616
Epoch [810 / 1000] average reconstruction error: 17774.716493
Epoch [811 / 1000] average reconstruction error: 17764.613592
Epoch [812 / 1000] average reconstruction error: 17756.770112
Epoch [813 / 1000] average reconstruction error: 17762.689813
Epoch [814 / 1000] average reconstruction error: 17762.725484
Epoch [815 / 1000] average reconstruction error: 17763.706319
Epoch [816 / 1000] average reconstruction error: 17760.534013
Epoch [817 / 1000] average reconstruction error: 17765.006853
Epoch [818 / 1000] average reconstruction error: 17758.043362
Epoch [819 / 1000] average reconstruction error: 17757.645102
Epoch [820 / 1000] average reconstruction error: 17772.552639
Epoch [821 / 1000] average reconstruction error: 17760.789529
Epoch [822 / 1000] average reconstruction error: 17753.952704
Epoch [823 / 1000] average reconstruction error: 17756.482676
Epoch [824 / 1000] average reconstruction error: 17757.456357
Epoch [825 / 1000] average reconstruction error: 17766.414333
Epoch [826 / 1000] average reconstruction error: 17755.356033
Epoch [827 / 1000] average reconstruction error: 17756.198323
Epoch [828 / 1000] average reconstruction error: 17771.649452
Epoch [829 / 1000] average reconstruction error: 17748.066642
Epoch [830 / 1000] average reconstruction error: 17774.689801
Epoch [831 / 1000] average reconstruction error: 17763.831733
Epoch [832 / 1000] average reconstruction error: 17765.847265
Epoch [833 / 1000] average reconstruction error: 17750.932244
Epoch [834 / 1000] average reconstruction error: 17762.096732
Epoch [835 / 1000] average reconstruction error: 17773.607836
Epoch [836 / 1000] average reconstruction error: 17758.213128
Epoch [837 / 1000] average reconstruction error: 17761.725546
Epoch [838 / 1000] average reconstruction error: 17753.808723
Epoch [839 / 1000] average reconstruction error: 17775.393367
Epoch [840 / 1000] average reconstruction error: 17758.787139
Epoch [841 / 1000] average reconstruction error: 17758.905704
Epoch [842 / 1000] average reconstruction error: 17763.016402
Epoch [843 / 1000] average reconstruction error: 17770.845584
Epoch [844 / 1000] average reconstruction error: 17756.503721
Epoch [845 / 1000] average reconstruction error: 17748.115605
Epoch [846 / 1000] average reconstruction error: 17743.597009
Epoch [847 / 1000] average reconstruction error: 17752.660820
Epoch [848 / 1000] average reconstruction error: 17756.998018
Epoch [849 / 1000] average reconstruction error: 17752.824217
Epoch [850 / 1000] average reconstruction error: 17757.456536
Epoch [851 / 1000] average reconstruction error: 17758.950730
Epoch [852 / 1000] average reconstruction error: 17748.138324
Epoch [853 / 1000] average reconstruction error: 17764.633824
Epoch [854 / 1000] average reconstruction error: 17754.953841
Epoch [855 / 1000] average reconstruction error: 17761.841051
Epoch [856 / 1000] average reconstruction error: 17748.352427
Epoch [857 / 1000] average reconstruction error: 17749.161757
Epoch [858 / 1000] average reconstruction error: 17749.895300
Epoch [859 / 1000] average reconstruction error: 17753.395393
Epoch [860 / 1000] average reconstruction error: 17746.540716
Epoch [861 / 1000] average reconstruction error: 17754.716160
Epoch [862 / 1000] average reconstruction error: 17738.708027
Epoch [863 / 1000] average reconstruction error: 17753.901684
Epoch [864 / 1000] average reconstruction error: 17752.122760
Epoch [865 / 1000] average reconstruction error: 17752.894286
Epoch [866 / 1000] average reconstruction error: 17743.887046
Epoch [867 / 1000] average reconstruction error: 17753.027927
Epoch [868 / 1000] average reconstruction error: 17754.343232
Epoch [869 / 1000] average reconstruction error: 17749.345083
Epoch [870 / 1000] average reconstruction error: 17742.525942
Epoch [871 / 1000] average reconstruction error: 17753.343494
Epoch [872 / 1000] average reconstruction error: 17748.980317
Epoch [873 / 1000] average reconstruction error: 17752.264224
Epoch [874 / 1000] average reconstruction error: 17744.981325
Epoch [875 / 1000] average reconstruction error: 17747.548780
Epoch [876 / 1000] average reconstruction error: 17745.594296
Epoch [877 / 1000] average reconstruction error: 17762.789893
Epoch [878 / 1000] average reconstruction error: 17739.467355
Epoch [879 / 1000] average reconstruction error: 17759.640627
Epoch [880 / 1000] average reconstruction error: 17749.382300
Epoch [881 / 1000] average reconstruction error: 17754.135686
Epoch [882 / 1000] average reconstruction error: 17753.600101
Epoch [883 / 1000] average reconstruction error: 17739.185972
Epoch [884 / 1000] average reconstruction error: 17735.201622
Epoch [885 / 1000] average reconstruction error: 17751.426420
Epoch [886 / 1000] average reconstruction error: 17748.856412
Epoch [887 / 1000] average reconstruction error: 17756.057728
Epoch [888 / 1000] average reconstruction error: 17741.535300
Epoch [889 / 1000] average reconstruction error: 17735.013963
Epoch [890 / 1000] average reconstruction error: 17748.550927
Epoch [891 / 1000] average reconstruction error: 17741.815998
Epoch [892 / 1000] average reconstruction error: 17740.903991
Epoch [893 / 1000] average reconstruction error: 17737.456248
Epoch [894 / 1000] average reconstruction error: 17748.385582
Epoch [895 / 1000] average reconstruction error: 17747.058267
Epoch [896 / 1000] average reconstruction error: 17747.246843
Epoch [897 / 1000] average reconstruction error: 17733.726096
Epoch [898 / 1000] average reconstruction error: 17740.598754
Epoch [899 / 1000] average reconstruction error: 17740.773629
Epoch [900 / 1000] average reconstruction error: 17736.092842
Epoch [901 / 1000] average reconstruction error: 17749.245482
Epoch [902 / 1000] average reconstruction error: 17746.959628
Epoch [903 / 1000] average reconstruction error: 17745.505308
Epoch [904 / 1000] average reconstruction error: 17740.580755
Epoch [905 / 1000] average reconstruction error: 17742.076041
Epoch [906 / 1000] average reconstruction error: 17736.246514
Epoch [907 / 1000] average reconstruction error: 17739.046608
Epoch [908 / 1000] average reconstruction error: 17747.648084
Epoch [909 / 1000] average reconstruction error: 17728.363598
Epoch [910 / 1000] average reconstruction error: 17737.086081
Epoch [911 / 1000] average reconstruction error: 17740.028653
Epoch [912 / 1000] average reconstruction error: 17735.729313
Epoch [913 / 1000] average reconstruction error: 17747.592222
Epoch [914 / 1000] average reconstruction error: 17748.238121
Epoch [915 / 1000] average reconstruction error: 17738.602385
Epoch [916 / 1000] average reconstruction error: 17739.425313
Epoch [917 / 1000] average reconstruction error: 17739.676002
Epoch [918 / 1000] average reconstruction error: 17736.648683
Epoch [919 / 1000] average reconstruction error: 17745.558604
Epoch [920 / 1000] average reconstruction error: 17732.959109
Epoch [921 / 1000] average reconstruction error: 17736.649062
Epoch [922 / 1000] average reconstruction error: 17754.401696
Epoch [923 / 1000] average reconstruction error: 17732.121046
Epoch [924 / 1000] average reconstruction error: 17759.784908
Epoch [925 / 1000] average reconstruction error: 17729.174796
Epoch [926 / 1000] average reconstruction error: 17747.136450
Epoch [927 / 1000] average reconstruction error: 17733.173528
Epoch [928 / 1000] average reconstruction error: 17742.779761
Epoch [929 / 1000] average reconstruction error: 17734.773542
Epoch [930 / 1000] average reconstruction error: 17741.135111
Epoch [931 / 1000] average reconstruction error: 17736.965849
Epoch [932 / 1000] average reconstruction error: 17745.100284
Epoch [933 / 1000] average reconstruction error: 17730.466195
Epoch [934 / 1000] average reconstruction error: 17741.967663
Epoch [935 / 1000] average reconstruction error: 17734.540980
Epoch [936 / 1000] average reconstruction error: 17739.567162
Epoch [937 / 1000] average reconstruction error: 17734.151115
Epoch [938 / 1000] average reconstruction error: 17737.231006
Epoch [939 / 1000] average reconstruction error: 17730.230442
Epoch [940 / 1000] average reconstruction error: 17736.470099
Epoch [941 / 1000] average reconstruction error: 17740.005993
Epoch [942 / 1000] average reconstruction error: 17736.550194
Epoch [943 / 1000] average reconstruction error: 17732.955776
Epoch [944 / 1000] average reconstruction error: 17739.824748
Epoch [945 / 1000] average reconstruction error: 17726.049961
Epoch [946 / 1000] average reconstruction error: 17732.241819
Epoch [947 / 1000] average reconstruction error: 17738.489262
Epoch [948 / 1000] average reconstruction error: 17731.002544
Epoch [949 / 1000] average reconstruction error: 17721.916615
Epoch [950 / 1000] average reconstruction error: 17732.121741
Epoch [951 / 1000] average reconstruction error: 17751.163552
Epoch [952 / 1000] average reconstruction error: 17734.739776
Epoch [953 / 1000] average reconstruction error: 17723.056476
Epoch [954 / 1000] average reconstruction error: 17729.918804
Epoch [955 / 1000] average reconstruction error: 17722.440163
Epoch [956 / 1000] average reconstruction error: 17737.164735
Epoch [957 / 1000] average reconstruction error: 17731.031958
Epoch [958 / 1000] average reconstruction error: 17736.108178
Epoch [959 / 1000] average reconstruction error: 17725.522334
Epoch [960 / 1000] average reconstruction error: 17731.956434
Epoch [961 / 1000] average reconstruction error: 17733.215841
Epoch [962 / 1000] average reconstruction error: 17736.822222
Epoch [963 / 1000] average reconstruction error: 17721.718192
Epoch [964 / 1000] average reconstruction error: 17720.394950
Epoch [965 / 1000] average reconstruction error: 17738.967961
Epoch [966 / 1000] average reconstruction error: 17730.492165
Epoch [967 / 1000] average reconstruction error: 17732.198923
Epoch [968 / 1000] average reconstruction error: 17715.040934
Epoch [969 / 1000] average reconstruction error: 17721.822239
Epoch [970 / 1000] average reconstruction error: 17732.989162
Epoch [971 / 1000] average reconstruction error: 17732.850051
Epoch [972 / 1000] average reconstruction error: 17735.276334
Epoch [973 / 1000] average reconstruction error: 17721.075422
Epoch [974 / 1000] average reconstruction error: 17722.776673
Epoch [975 / 1000] average reconstruction error: 17722.848123
Epoch [976 / 1000] average reconstruction error: 17725.045624
Epoch [977 / 1000] average reconstruction error: 17731.275518
Epoch [978 / 1000] average reconstruction error: 17718.828881
Epoch [979 / 1000] average reconstruction error: 17723.357180
Epoch [980 / 1000] average reconstruction error: 17735.878917
Epoch [981 / 1000] average reconstruction error: 17729.691839
Epoch [982 / 1000] average reconstruction error: 17724.196197
Epoch [983 / 1000] average reconstruction error: 17722.868168
Epoch [984 / 1000] average reconstruction error: 17727.558962
Epoch [985 / 1000] average reconstruction error: 17729.509697
Epoch [986 / 1000] average reconstruction error: 17722.226352
Epoch [987 / 1000] average reconstruction error: 17731.971596
Epoch [988 / 1000] average reconstruction error: 17716.542602
Epoch [989 / 1000] average reconstruction error: 17723.316192
Epoch [990 / 1000] average reconstruction error: 17724.075150
Epoch [991 / 1000] average reconstruction error: 17710.282512
Epoch [992 / 1000] average reconstruction error: 17721.939720
Epoch [993 / 1000] average reconstruction error: 17721.062319
Epoch [994 / 1000] average reconstruction error: 17731.723131
Epoch [995 / 1000] average reconstruction error: 17731.404682
Epoch [996 / 1000] average reconstruction error: 17726.939743
Epoch [997 / 1000] average reconstruction error: 17727.802666
Epoch [998 / 1000] average reconstruction error: 17737.020048
Epoch [999 / 1000] average reconstruction error: 17716.754856
Epoch [1000 / 1000] average reconstruction error: 17733.247597
average reconstruction error: 19921.378322
Original images
VAE reconstruction:
